2024/01/15 06:55:29 [emerg] 1#1: open() "/etc/nginx/nginx.conf" failed (2: No such file or directory)
2024/01/15 06:55:30 [emerg] 1#1: open() "/etc/nginx/nginx.conf" failed (2: No such file or directory)
2024/01/15 06:55:31 [emerg] 1#1: open() "/etc/nginx/nginx.conf" failed (2: No such file or directory)
2024/01/15 06:55:31 [emerg] 1#1: open() "/etc/nginx/nginx.conf" failed (2: No such file or directory)
2024/01/15 06:55:33 [emerg] 1#1: open() "/etc/nginx/nginx.conf" failed (2: No such file or directory)
2024/01/15 07:03:22 [emerg] 1#1: open() "/etc/nginx/nginx.conf" failed (2: No such file or directory)
2024/01/15 07:03:23 [emerg] 1#1: open() "/etc/nginx/nginx.conf" failed (2: No such file or directory)
2024/01/15 07:03:24 [emerg] 1#1: open() "/etc/nginx/nginx.conf" failed (2: No such file or directory)
2024/01/15 07:03:25 [emerg] 1#1: open() "/etc/nginx/nginx.conf" failed (2: No such file or directory)
2024/01/15 07:03:26 [emerg] 1#1: open() "/etc/nginx/nginx.conf" failed (2: No such file or directory)
2024/01/15 07:03:28 [emerg] 1#1: open() "/etc/nginx/nginx.conf" failed (2: No such file or directory)
2024/01/15 07:03:32 [emerg] 1#1: open() "/etc/nginx/nginx.conf" failed (2: No such file or directory)
2024/01/15 07:05:32 [emerg] 1#1: open() "/etc/nginx/mime.types" failed (2: No such file or directory) in /etc/nginx/nginx.conf:15
2024/01/15 07:05:33 [emerg] 1#1: open() "/etc/nginx/mime.types" failed (2: No such file or directory) in /etc/nginx/nginx.conf:15
2024/01/15 07:05:33 [emerg] 1#1: open() "/etc/nginx/mime.types" failed (2: No such file or directory) in /etc/nginx/nginx.conf:15
2024/01/15 07:05:34 [emerg] 1#1: open() "/etc/nginx/mime.types" failed (2: No such file or directory) in /etc/nginx/nginx.conf:15
2024/01/15 07:05:35 [emerg] 1#1: open() "/etc/nginx/mime.types" failed (2: No such file or directory) in /etc/nginx/nginx.conf:15
2024/01/15 07:05:38 [emerg] 1#1: open() "/etc/nginx/mime.types" failed (2: No such file or directory) in /etc/nginx/nginx.conf:15
2024/01/15 07:05:41 [emerg] 1#1: open() "/etc/nginx/mime.types" failed (2: No such file or directory) in /etc/nginx/nginx.conf:15
2024/01/15 07:05:48 [emerg] 1#1: open() "/etc/nginx/mime.types" failed (2: No such file or directory) in /etc/nginx/nginx.conf:15
2024/01/15 07:06:01 [emerg] 1#1: open() "/etc/nginx/mime.types" failed (2: No such file or directory) in /etc/nginx/nginx.conf:15
2024/01/15 07:06:28 [emerg] 1#1: open() "/etc/nginx/mime.types" failed (2: No such file or directory) in /etc/nginx/nginx.conf:15
2024/01/15 07:07:19 [emerg] 1#1: open() "/etc/nginx/mime.types" failed (2: No such file or directory) in /etc/nginx/nginx.conf:15
2024/01/15 07:08:20 [emerg] 1#1: open() "/etc/nginx/mime.types" failed (2: No such file or directory) in /etc/nginx/nginx.conf:15
2024/01/15 07:09:20 [emerg] 1#1: open() "/etc/nginx/mime.types" failed (2: No such file or directory) in /etc/nginx/nginx.conf:15
2024/01/15 07:10:21 [emerg] 1#1: open() "/etc/nginx/mime.types" failed (2: No such file or directory) in /etc/nginx/nginx.conf:15
2024/01/15 07:11:21 [emerg] 1#1: open() "/etc/nginx/mime.types" failed (2: No such file or directory) in /etc/nginx/nginx.conf:15
2024/01/15 07:12:22 [emerg] 1#1: open() "/etc/nginx/mime.types" failed (2: No such file or directory) in /etc/nginx/nginx.conf:15
2024/01/15 07:13:22 [emerg] 1#1: open() "/etc/nginx/mime.types" failed (2: No such file or directory) in /etc/nginx/nginx.conf:15
2024/01/15 07:14:23 [emerg] 1#1: open() "/etc/nginx/nginx.conf" failed (2: No such file or directory)
2024/01/15 07:15:10 [emerg] 1#1: open() "/etc/nginx/nginx.conf" failed (2: No such file or directory)
2024/01/15 07:15:11 [emerg] 1#1: open() "/etc/nginx/nginx.conf" failed (2: No such file or directory)
2024/01/15 07:15:12 [emerg] 1#1: open() "/etc/nginx/nginx.conf" failed (2: No such file or directory)
2024/01/15 07:15:13 [emerg] 1#1: open() "/etc/nginx/nginx.conf" failed (2: No such file or directory)
2024/01/15 07:15:14 [emerg] 1#1: open() "/etc/nginx/nginx.conf" failed (2: No such file or directory)
2024/01/15 07:15:16 [emerg] 1#1: open() "/etc/nginx/nginx.conf" failed (2: No such file or directory)
2024/01/15 07:15:20 [emerg] 1#1: open() "/etc/nginx/nginx.conf" failed (2: No such file or directory)
2024/01/15 07:15:27 [emerg] 1#1: open() "/etc/nginx/nginx.conf" failed (2: No such file or directory)
2024/01/15 07:15:40 [emerg] 1#1: open() "/etc/nginx/nginx.conf" failed (2: No such file or directory)
2024/01/15 07:16:06 [emerg] 1#1: open() "/etc/nginx/nginx.conf" failed (2: No such file or directory)
2024/01/15 07:16:58 [emerg] 1#1: open() "/etc/nginx/nginx.conf" failed (2: No such file or directory)
2024/01/15 07:17:58 [notice] 1#1: using the "epoll" event method
2024/01/15 07:17:58 [notice] 1#1: nginx/1.25.3
2024/01/15 07:17:58 [notice] 1#1: built by gcc 12.2.0 (Debian 12.2.0-14) 
2024/01/15 07:17:58 [notice] 1#1: OS: Linux 6.6.11-zabbly+
2024/01/15 07:17:58 [notice] 1#1: getrlimit(RLIMIT_NOFILE): 1048576:1048576
2024/01/15 07:17:58 [notice] 1#1: start worker processes
2024/01/15 07:17:58 [notice] 1#1: start worker process 21
2024/01/15 07:17:58 [notice] 1#1: start worker process 22
2024/01/15 07:22:59 [notice] 1#1: signal 3 (SIGQUIT) received, shutting down
2024/01/15 07:22:59 [notice] 21#21: gracefully shutting down
2024/01/15 07:22:59 [notice] 21#21: exiting
2024/01/15 07:22:59 [notice] 21#21: exit
2024/01/15 07:22:59 [notice] 22#22: gracefully shutting down
2024/01/15 07:22:59 [notice] 22#22: exiting
2024/01/15 07:22:59 [notice] 22#22: exit
2024/01/15 07:22:59 [notice] 1#1: signal 17 (SIGCHLD) received from 21
2024/01/15 07:22:59 [notice] 1#1: worker process 21 exited with code 0
2024/01/15 07:22:59 [notice] 1#1: signal 29 (SIGIO) received
2024/01/15 07:22:59 [notice] 1#1: signal 17 (SIGCHLD) received from 22
2024/01/15 07:22:59 [notice] 1#1: worker process 22 exited with code 0
2024/01/15 07:22:59 [notice] 1#1: exit
2024/01/15 07:23:07 [notice] 1#1: using the "epoll" event method
2024/01/15 07:23:07 [notice] 1#1: nginx/1.25.3
2024/01/15 07:23:07 [notice] 1#1: built by gcc 12.2.0 (Debian 12.2.0-14) 
2024/01/15 07:23:07 [notice] 1#1: OS: Linux 6.6.11-zabbly+
2024/01/15 07:23:07 [notice] 1#1: getrlimit(RLIMIT_NOFILE): 1048576:1048576
2024/01/15 07:23:07 [notice] 1#1: start worker processes
2024/01/15 07:23:07 [notice] 1#1: start worker process 21
2024/01/15 07:23:07 [notice] 1#1: start worker process 22
2024/01/15 07:23:12 [notice] 1#1: signal 3 (SIGQUIT) received, shutting down
2024/01/15 07:23:12 [notice] 22#22: gracefully shutting down
2024/01/15 07:23:12 [notice] 22#22: exiting
2024/01/15 07:23:12 [notice] 22#22: exit
2024/01/15 07:23:12 [notice] 21#21: gracefully shutting down
2024/01/15 07:23:12 [notice] 21#21: exiting
2024/01/15 07:23:12 [notice] 21#21: exit
2024/01/15 07:23:12 [notice] 1#1: signal 17 (SIGCHLD) received from 22
2024/01/15 07:23:12 [notice] 1#1: worker process 22 exited with code 0
2024/01/15 07:23:12 [notice] 1#1: signal 29 (SIGIO) received
2024/01/15 07:23:12 [notice] 1#1: signal 17 (SIGCHLD) received from 21
2024/01/15 07:23:12 [notice] 1#1: worker process 21 exited with code 0
2024/01/15 07:23:12 [notice] 1#1: exit
2024/01/15 07:23:21 [notice] 1#1: using the "epoll" event method
2024/01/15 07:23:21 [notice] 1#1: nginx/1.25.3
2024/01/15 07:23:21 [notice] 1#1: built by gcc 12.2.0 (Debian 12.2.0-14) 
2024/01/15 07:23:21 [notice] 1#1: OS: Linux 6.6.11-zabbly+
2024/01/15 07:23:21 [notice] 1#1: getrlimit(RLIMIT_NOFILE): 1048576:1048576
2024/01/15 07:23:21 [notice] 1#1: start worker processes
2024/01/15 07:23:21 [notice] 1#1: start worker process 21
2024/01/15 07:23:21 [notice] 1#1: start worker process 22
